<?xml version="1.0" encoding="UTF-8"?>
<!-- Generated by org.testng.reporters.JUnitXMLReporter -->
<testsuite ignored="0" hostname="DESKTOP-5T7J39S" failures="0" tests="1" name="Test" time="0.143" errors="0" timestamp="04 Jan 2022 18:36:51 GMT">
  <testcase classname="weathershopper.BaseTest" name="@BeforeTest setUp" time="0.091">
    <failure type="java.lang.IllegalStateException" message="The driver executable does not exist: C:\weathershopper\src\main\resources\chromedriver.exe">
      <![CDATA[java.lang.IllegalStateException: The driver executable does not exist: C:\weathershopper\src\main\resources\chromedriver.exe
at com.google.common.base.Preconditions.checkState(Preconditions.java:585)
at org.openqa.selenium.remote.service.DriverService.checkExecutable(DriverService.java:146)
at org.openqa.selenium.remote.service.DriverService.findExecutable(DriverService.java:141)
at org.openqa.selenium.chrome.ChromeDriverService.access$000(ChromeDriverService.java:35)
at org.openqa.selenium.chrome.ChromeDriverService$Builder.findDefaultExecutable(ChromeDriverService.java:159)
at org.openqa.selenium.remote.service.DriverService$Builder.build(DriverService.java:355)
at org.openqa.selenium.chrome.ChromeDriverService.createDefaultService(ChromeDriverService.java:94)
at org.openqa.selenium.chrome.ChromeDriver.<init>(ChromeDriver.java:123)
at weathershopper.BaseTest.setUp(BaseTest.java:15)
... Removed 24 stack frames]]>
    </failure>
  </testcase> <!-- @BeforeTest setUp -->
  <testcase classname="weathershopper.BaseTest" name="helloTest" time="0.0">
    <skipped/>
  </testcase> <!-- helloTest -->
</testsuite> <!-- Test -->
